<?xml version="1.0" encoding="UTF-8"?>
<testsuite xmlns:xsi="http://www.w3.org/2001/XMLSchema-instance" xsi:noNamespaceSchemaLocation="https://maven.apache.org/surefire/maven-surefire-plugin/xsd/surefire-test-report.xsd" name="org.example.AppTest" time="0.001" tests="1" errors="0" skipped="0" failures="0">
  <properties>
    <property name="java.specification.version" value="17"/>
    <property name="sun.jnu.encoding" value="UTF-8"/>
    <property name="java.class.path" value="/Users/joeljamesaloor/IdeaProjects/Assessment_joel/target/test-classes:/Users/joeljamesaloor/IdeaProjects/Assessment_joel/target/classes:/Users/joeljamesaloor/.m2/repository/io/cucumber/cucumber-java/7.0.0/cucumber-java-7.0.0.jar:/Users/joeljamesaloor/.m2/repository/org/apiguardian/apiguardian-api/1.1.2/apiguardian-api-1.1.2.jar:/Users/joeljamesaloor/.m2/repository/net/masterthought/cucumber-reporting/5.6.1/cucumber-reporting-5.6.1.jar:/Users/joeljamesaloor/.m2/repository/com/fasterxml/jackson/core/jackson-databind/2.12.1/jackson-databind-2.12.1.jar:/Users/joeljamesaloor/.m2/repository/com/fasterxml/jackson/core/jackson-annotations/2.12.1/jackson-annotations-2.12.1.jar:/Users/joeljamesaloor/.m2/repository/com/fasterxml/jackson/core/jackson-core/2.12.1/jackson-core-2.12.1.jar:/Users/joeljamesaloor/.m2/repository/com/fasterxml/jackson/datatype/jackson-datatype-jsr310/2.12.1/jackson-datatype-jsr310-2.12.1.jar:/Users/joeljamesaloor/.m2/repository/org/apache/velocity/velocity-engine-core/2.3/velocity-engine-core-2.3.jar:/Users/joeljamesaloor/.m2/repository/org/slf4j/slf4j-api/1.7.30/slf4j-api-1.7.30.jar:/Users/joeljamesaloor/.m2/repository/commons-collections/commons-collections/3.2.2/commons-collections-3.2.2.jar:/Users/joeljamesaloor/.m2/repository/joda-time/joda-time/2.10.10/joda-time-2.10.10.jar:/Users/joeljamesaloor/.m2/repository/commons-io/commons-io/2.7/commons-io-2.7.jar:/Users/joeljamesaloor/.m2/repository/org/codehaus/plexus/plexus-utils/3.3.0/plexus-utils-3.3.0.jar:/Users/joeljamesaloor/.m2/repository/org/jsoup/jsoup/1.14.2/jsoup-1.14.2.jar:/Users/joeljamesaloor/.m2/repository/com/google/guava/guava/30.1.1-jre/guava-30.1.1-jre.jar:/Users/joeljamesaloor/.m2/repository/com/google/guava/failureaccess/1.0.1/failureaccess-1.0.1.jar:/Users/joeljamesaloor/.m2/repository/com/google/guava/listenablefuture/9999.0-empty-to-avoid-conflict-with-guava/listenablefuture-9999.0-empty-to-avoid-conflict-with-guava.jar:/Users/joeljamesaloor/.m2/repository/com/google/code/findbugs/jsr305/3.0.2/jsr305-3.0.2.jar:/Users/joeljamesaloor/.m2/repository/org/checkerframework/checker-qual/3.8.0/checker-qual-3.8.0.jar:/Users/joeljamesaloor/.m2/repository/com/google/errorprone/error_prone_annotations/2.5.1/error_prone_annotations-2.5.1.jar:/Users/joeljamesaloor/.m2/repository/com/google/j2objc/j2objc-annotations/1.3/j2objc-annotations-1.3.jar:/Users/joeljamesaloor/.m2/repository/com/googlecode/owasp-java-html-sanitizer/owasp-java-html-sanitizer/20211018.2/owasp-java-html-sanitizer-20211018.2.jar:/Users/joeljamesaloor/.m2/repository/commons-configuration/commons-configuration/1.10/commons-configuration-1.10.jar:/Users/joeljamesaloor/.m2/repository/commons-lang/commons-lang/2.6/commons-lang-2.6.jar:/Users/joeljamesaloor/.m2/repository/commons-logging/commons-logging/1.1.1/commons-logging-1.1.1.jar:/Users/joeljamesaloor/.m2/repository/io/cucumber/cucumber-core/7.10.0/cucumber-core-7.10.0.jar:/Users/joeljamesaloor/.m2/repository/io/cucumber/cucumber-gherkin/7.10.0/cucumber-gherkin-7.10.0.jar:/Users/joeljamesaloor/.m2/repository/io/cucumber/cucumber-gherkin-messages/7.10.0/cucumber-gherkin-messages-7.10.0.jar:/Users/joeljamesaloor/.m2/repository/io/cucumber/gherkin/25.0.2/gherkin-25.0.2.jar:/Users/joeljamesaloor/.m2/repository/io/cucumber/messages/19.1.4/messages-19.1.4.jar:/Users/joeljamesaloor/.m2/repository/io/cucumber/tag-expressions/4.1.0/tag-expressions-4.1.0.jar:/Users/joeljamesaloor/.m2/repository/io/cucumber/cucumber-expressions/16.1.1/cucumber-expressions-16.1.1.jar:/Users/joeljamesaloor/.m2/repository/io/cucumber/datatable/7.10.0/datatable-7.10.0.jar:/Users/joeljamesaloor/.m2/repository/io/cucumber/cucumber-plugin/7.10.0/cucumber-plugin-7.10.0.jar:/Users/joeljamesaloor/.m2/repository/io/cucumber/docstring/7.10.0/docstring-7.10.0.jar:/Users/joeljamesaloor/.m2/repository/io/cucumber/html-formatter/20.2.0/html-formatter-20.2.0.jar:/Users/joeljamesaloor/.m2/repository/io/cucumber/ci-environment/9.1.0/ci-environment-9.1.0.jar:/Users/joeljamesaloor/.m2/repository/net/sf/m-m-m/mmm-util-backport-java.util.function/1.0.1/mmm-util-backport-java.util.function-1.0.1.jar:/Users/joeljamesaloor/.m2/repository/io/cucumber/cucumber-junit/7.0.0/cucumber-junit-7.0.0.jar:/Users/joeljamesaloor/.m2/repository/org/apache/commons/commons-lang3/3.8.1/commons-lang3-3.8.1.jar:/Users/joeljamesaloor/.m2/repository/org/apache/commons/commons-text/1.9/commons-text-1.9.jar:/Users/joeljamesaloor/.m2/repository/org/apache/opennlp/opennlp-tools/1.9.3/opennlp-tools-1.9.3.jar:/Users/joeljamesaloor/.m2/repository/org/seleniumhq/selenium/selenium-java/3.141.59/selenium-java-3.141.59.jar:/Users/joeljamesaloor/.m2/repository/org/seleniumhq/selenium/selenium-api/3.141.59/selenium-api-3.141.59.jar:/Users/joeljamesaloor/.m2/repository/org/seleniumhq/selenium/selenium-edge-driver/3.141.59/selenium-edge-driver-3.141.59.jar:/Users/joeljamesaloor/.m2/repository/org/seleniumhq/selenium/selenium-firefox-driver/3.141.59/selenium-firefox-driver-3.141.59.jar:/Users/joeljamesaloor/.m2/repository/org/seleniumhq/selenium/selenium-ie-driver/3.141.59/selenium-ie-driver-3.141.59.jar:/Users/joeljamesaloor/.m2/repository/org/seleniumhq/selenium/selenium-opera-driver/3.141.59/selenium-opera-driver-3.141.59.jar:/Users/joeljamesaloor/.m2/repository/org/seleniumhq/selenium/selenium-remote-driver/3.141.59/selenium-remote-driver-3.141.59.jar:/Users/joeljamesaloor/.m2/repository/org/seleniumhq/selenium/selenium-safari-driver/3.141.59/selenium-safari-driver-3.141.59.jar:/Users/joeljamesaloor/.m2/repository/org/seleniumhq/selenium/selenium-support/3.141.59/selenium-support-3.141.59.jar:/Users/joeljamesaloor/.m2/repository/net/bytebuddy/byte-buddy/1.8.15/byte-buddy-1.8.15.jar:/Users/joeljamesaloor/.m2/repository/org/apache/commons/commons-exec/1.3/commons-exec-1.3.jar:/Users/joeljamesaloor/.m2/repository/com/squareup/okhttp3/okhttp/3.11.0/okhttp-3.11.0.jar:/Users/joeljamesaloor/.m2/repository/com/squareup/okio/okio/1.14.0/okio-1.14.0.jar:/Users/joeljamesaloor/.m2/repository/org/seleniumhq/selenium/selenium-chrome-driver/3.141.59/selenium-chrome-driver-3.141.59.jar:/Users/joeljamesaloor/.m2/repository/junit/junit/4.13.2/junit-4.13.2.jar:/Users/joeljamesaloor/.m2/repository/org/hamcrest/hamcrest-core/1.3/hamcrest-core-1.3.jar:"/>
    <property name="java.vm.vendor" value="Homebrew"/>
    <property name="sun.arch.data.model" value="64"/>
    <property name="java.vendor.url" value="https://github.com/Homebrew/homebrew-core/issues"/>
    <property name="os.name" value="Mac OS X"/>
    <property name="java.vm.specification.version" value="17"/>
    <property name="sun.java.launcher" value="SUN_STANDARD"/>
    <property name="user.country" value="GB"/>
    <property name="sun.boot.library.path" value="/opt/homebrew/Cellar/openjdk/17.0.2/libexec/openjdk.jdk/Contents/Home/lib"/>
    <property name="sun.java.command" value="/Users/joeljamesaloor/IdeaProjects/Assessment_joel/target/surefire/surefirebooter3761469156740171336.jar /Users/joeljamesaloor/IdeaProjects/Assessment_joel/target/surefire 2023-02-25T17-41-14_266-jvmRun1 surefire5578096444582543213tmp surefire_02222118262607100268tmp"/>
    <property name="jdk.debug" value="release"/>
    <property name="surefire.test.class.path" value="/Users/joeljamesaloor/IdeaProjects/Assessment_joel/target/test-classes:/Users/joeljamesaloor/IdeaProjects/Assessment_joel/target/classes:/Users/joeljamesaloor/.m2/repository/io/cucumber/cucumber-java/7.0.0/cucumber-java-7.0.0.jar:/Users/joeljamesaloor/.m2/repository/org/apiguardian/apiguardian-api/1.1.2/apiguardian-api-1.1.2.jar:/Users/joeljamesaloor/.m2/repository/net/masterthought/cucumber-reporting/5.6.1/cucumber-reporting-5.6.1.jar:/Users/joeljamesaloor/.m2/repository/com/fasterxml/jackson/core/jackson-databind/2.12.1/jackson-databind-2.12.1.jar:/Users/joeljamesaloor/.m2/repository/com/fasterxml/jackson/core/jackson-annotations/2.12.1/jackson-annotations-2.12.1.jar:/Users/joeljamesaloor/.m2/repository/com/fasterxml/jackson/core/jackson-core/2.12.1/jackson-core-2.12.1.jar:/Users/joeljamesaloor/.m2/repository/com/fasterxml/jackson/datatype/jackson-datatype-jsr310/2.12.1/jackson-datatype-jsr310-2.12.1.jar:/Users/joeljamesaloor/.m2/repository/org/apache/velocity/velocity-engine-core/2.3/velocity-engine-core-2.3.jar:/Users/joeljamesaloor/.m2/repository/org/slf4j/slf4j-api/1.7.30/slf4j-api-1.7.30.jar:/Users/joeljamesaloor/.m2/repository/commons-collections/commons-collections/3.2.2/commons-collections-3.2.2.jar:/Users/joeljamesaloor/.m2/repository/joda-time/joda-time/2.10.10/joda-time-2.10.10.jar:/Users/joeljamesaloor/.m2/repository/commons-io/commons-io/2.7/commons-io-2.7.jar:/Users/joeljamesaloor/.m2/repository/org/codehaus/plexus/plexus-utils/3.3.0/plexus-utils-3.3.0.jar:/Users/joeljamesaloor/.m2/repository/org/jsoup/jsoup/1.14.2/jsoup-1.14.2.jar:/Users/joeljamesaloor/.m2/repository/com/google/guava/guava/30.1.1-jre/guava-30.1.1-jre.jar:/Users/joeljamesaloor/.m2/repository/com/google/guava/failureaccess/1.0.1/failureaccess-1.0.1.jar:/Users/joeljamesaloor/.m2/repository/com/google/guava/listenablefuture/9999.0-empty-to-avoid-conflict-with-guava/listenablefuture-9999.0-empty-to-avoid-conflict-with-guava.jar:/Users/joeljamesaloor/.m2/repository/com/google/code/findbugs/jsr305/3.0.2/jsr305-3.0.2.jar:/Users/joeljamesaloor/.m2/repository/org/checkerframework/checker-qual/3.8.0/checker-qual-3.8.0.jar:/Users/joeljamesaloor/.m2/repository/com/google/errorprone/error_prone_annotations/2.5.1/error_prone_annotations-2.5.1.jar:/Users/joeljamesaloor/.m2/repository/com/google/j2objc/j2objc-annotations/1.3/j2objc-annotations-1.3.jar:/Users/joeljamesaloor/.m2/repository/com/googlecode/owasp-java-html-sanitizer/owasp-java-html-sanitizer/20211018.2/owasp-java-html-sanitizer-20211018.2.jar:/Users/joeljamesaloor/.m2/repository/commons-configuration/commons-configuration/1.10/commons-configuration-1.10.jar:/Users/joeljamesaloor/.m2/repository/commons-lang/commons-lang/2.6/commons-lang-2.6.jar:/Users/joeljamesaloor/.m2/repository/commons-logging/commons-logging/1.1.1/commons-logging-1.1.1.jar:/Users/joeljamesaloor/.m2/repository/io/cucumber/cucumber-core/7.10.0/cucumber-core-7.10.0.jar:/Users/joeljamesaloor/.m2/repository/io/cucumber/cucumber-gherkin/7.10.0/cucumber-gherkin-7.10.0.jar:/Users/joeljamesaloor/.m2/repository/io/cucumber/cucumber-gherkin-messages/7.10.0/cucumber-gherkin-messages-7.10.0.jar:/Users/joeljamesaloor/.m2/repository/io/cucumber/gherkin/25.0.2/gherkin-25.0.2.jar:/Users/joeljamesaloor/.m2/repository/io/cucumber/messages/19.1.4/messages-19.1.4.jar:/Users/joeljamesaloor/.m2/repository/io/cucumber/tag-expressions/4.1.0/tag-expressions-4.1.0.jar:/Users/joeljamesaloor/.m2/repository/io/cucumber/cucumber-expressions/16.1.1/cucumber-expressions-16.1.1.jar:/Users/joeljamesaloor/.m2/repository/io/cucumber/datatable/7.10.0/datatable-7.10.0.jar:/Users/joeljamesaloor/.m2/repository/io/cucumber/cucumber-plugin/7.10.0/cucumber-plugin-7.10.0.jar:/Users/joeljamesaloor/.m2/repository/io/cucumber/docstring/7.10.0/docstring-7.10.0.jar:/Users/joeljamesaloor/.m2/repository/io/cucumber/html-formatter/20.2.0/html-formatter-20.2.0.jar:/Users/joeljamesaloor/.m2/repository/io/cucumber/ci-environment/9.1.0/ci-environment-9.1.0.jar:/Users/joeljamesaloor/.m2/repository/net/sf/m-m-m/mmm-util-backport-java.util.function/1.0.1/mmm-util-backport-java.util.function-1.0.1.jar:/Users/joeljamesaloor/.m2/repository/io/cucumber/cucumber-junit/7.0.0/cucumber-junit-7.0.0.jar:/Users/joeljamesaloor/.m2/repository/org/apache/commons/commons-lang3/3.8.1/commons-lang3-3.8.1.jar:/Users/joeljamesaloor/.m2/repository/org/apache/commons/commons-text/1.9/commons-text-1.9.jar:/Users/joeljamesaloor/.m2/repository/org/apache/opennlp/opennlp-tools/1.9.3/opennlp-tools-1.9.3.jar:/Users/joeljamesaloor/.m2/repository/org/seleniumhq/selenium/selenium-java/3.141.59/selenium-java-3.141.59.jar:/Users/joeljamesaloor/.m2/repository/org/seleniumhq/selenium/selenium-api/3.141.59/selenium-api-3.141.59.jar:/Users/joeljamesaloor/.m2/repository/org/seleniumhq/selenium/selenium-edge-driver/3.141.59/selenium-edge-driver-3.141.59.jar:/Users/joeljamesaloor/.m2/repository/org/seleniumhq/selenium/selenium-firefox-driver/3.141.59/selenium-firefox-driver-3.141.59.jar:/Users/joeljamesaloor/.m2/repository/org/seleniumhq/selenium/selenium-ie-driver/3.141.59/selenium-ie-driver-3.141.59.jar:/Users/joeljamesaloor/.m2/repository/org/seleniumhq/selenium/selenium-opera-driver/3.141.59/selenium-opera-driver-3.141.59.jar:/Users/joeljamesaloor/.m2/repository/org/seleniumhq/selenium/selenium-remote-driver/3.141.59/selenium-remote-driver-3.141.59.jar:/Users/joeljamesaloor/.m2/repository/org/seleniumhq/selenium/selenium-safari-driver/3.141.59/selenium-safari-driver-3.141.59.jar:/Users/joeljamesaloor/.m2/repository/org/seleniumhq/selenium/selenium-support/3.141.59/selenium-support-3.141.59.jar:/Users/joeljamesaloor/.m2/repository/net/bytebuddy/byte-buddy/1.8.15/byte-buddy-1.8.15.jar:/Users/joeljamesaloor/.m2/repository/org/apache/commons/commons-exec/1.3/commons-exec-1.3.jar:/Users/joeljamesaloor/.m2/repository/com/squareup/okhttp3/okhttp/3.11.0/okhttp-3.11.0.jar:/Users/joeljamesaloor/.m2/repository/com/squareup/okio/okio/1.14.0/okio-1.14.0.jar:/Users/joeljamesaloor/.m2/repository/org/seleniumhq/selenium/selenium-chrome-driver/3.141.59/selenium-chrome-driver-3.141.59.jar:/Users/joeljamesaloor/.m2/repository/junit/junit/4.13.2/junit-4.13.2.jar:/Users/joeljamesaloor/.m2/repository/org/hamcrest/hamcrest-core/1.3/hamcrest-core-1.3.jar:"/>
    <property name="sun.cpu.endian" value="little"/>
    <property name="user.home" value="/Users/joeljamesaloor"/>
    <property name="user.language" value="en"/>
    <property name="java.specification.vendor" value="Oracle Corporation"/>
    <property name="java.version.date" value="2022-01-18"/>
    <property name="java.home" value="/opt/homebrew/Cellar/openjdk/17.0.2/libexec/openjdk.jdk/Contents/Home"/>
    <property name="file.separator" value="/"/>
    <property name="basedir" value="/Users/joeljamesaloor/IdeaProjects/Assessment_joel"/>
    <property name="java.vm.compressedOopsMode" value="Zero based"/>
    <property name="line.separator" value="&#10;"/>
    <property name="java.vm.specification.vendor" value="Oracle Corporation"/>
    <property name="java.specification.name" value="Java Platform API Specification"/>
    <property name="surefire.real.class.path" value="/Users/joeljamesaloor/IdeaProjects/Assessment_joel/target/surefire/surefirebooter3761469156740171336.jar"/>
    <property name="sun.management.compiler" value="HotSpot 64-Bit Tiered Compilers"/>
    <property name="java.runtime.version" value="17.0.2+0"/>
    <property name="user.name" value="joeljamesaloor"/>
    <property name="path.separator" value=":"/>
    <property name="os.version" value="12.2.1"/>
    <property name="java.runtime.name" value="OpenJDK Runtime Environment"/>
    <property name="file.encoding" value="UTF-8"/>
    <property name="java.vm.name" value="OpenJDK 64-Bit Server VM"/>
    <property name="java.vendor.version" value="Homebrew"/>
    <property name="localRepository" value="/Users/joeljamesaloor/.m2/repository"/>
    <property name="java.vendor.url.bug" value="https://github.com/Homebrew/homebrew-core/issues"/>
    <property name="java.io.tmpdir" value="/var/folders/l2/s6wgnbpx77q8lzyssxwf2vqh0000gp/T/"/>
    <property name="java.version" value="17.0.2"/>
    <property name="user.dir" value="/Users/joeljamesaloor/IdeaProjects/Assessment_joel"/>
    <property name="os.arch" value="aarch64"/>
    <property name="java.vm.specification.name" value="Java Virtual Machine Specification"/>
    <property name="native.encoding" value="UTF-8"/>
    <property name="java.library.path" value="/Users/joeljamesaloor/Library/Java/Extensions:/Library/Java/Extensions:/Network/Library/Java/Extensions:/System/Library/Java/Extensions:/usr/lib/java:."/>
    <property name="java.vm.info" value="mixed mode, sharing"/>
    <property name="java.vendor" value="Homebrew"/>
    <property name="java.vm.version" value="17.0.2+0"/>
    <property name="sun.io.unicode.encoding" value="UnicodeBig"/>
    <property name="java.class.version" value="61.0"/>
  </properties>
  <testcase name="shouldAnswerWithTrue" classname="org.example.AppTest" time="0"/>
</testsuite>